<?xml version="1.0" encoding="UTF-8"?>
<!-- Generated by org.testng.reporters.JUnitReportReporter -->
<testsuite hostname="ELW3174" failures="0" tests="1" name="Demo.Practice" time="0.018" errors="0" timestamp="2025-03-12T17:17:24 IST" skipped="0">
  <testcase classname="Demo.Practice" name="m1" time="0.018"/>
  <system-out/>
</testsuite> <!-- Demo.Practice -->
